#
# This file was autogenerated by WIPACrepo/wipac-dev-py-setup-action
#   within the container built from './Dockerfile'
#   using Python 3.12.
#
########################################################################
#  pip freeze
########################################################################
backoff==2.2.1
cachetools==5.3.2
certifi==2023.11.17
cffi==1.16.0
charset-normalizer==3.3.2
coloredlogs==15.0.1
cryptography==42.0.2
Deprecated==1.2.14
googleapis-common-protos==1.59.1
grpcio==1.60.0
humanfriendly==10.0
idna==3.6
importlib-metadata==6.11.0
opentelemetry-api==1.22.0
opentelemetry-exporter-jaeger==1.21.0
opentelemetry-exporter-jaeger-proto-grpc==1.21.0
opentelemetry-exporter-jaeger-thrift==1.21.0
opentelemetry-exporter-otlp-proto-common==1.22.0
opentelemetry-exporter-otlp-proto-http==1.22.0
opentelemetry-proto==1.22.0
opentelemetry-sdk==1.22.0
opentelemetry-semantic-conventions==0.43b0
protobuf==4.25.2
pycparser==2.21
PyJWT==2.8.0
pypng==0.20220715.0
qrcode==7.4.2
requests==2.31.0
requests-futures==1.0.1
setuptools==69.0.3
six==1.16.0
thrift==0.16.0
tornado==6.4
typing_extensions==4.9.0
urllib3==2.2.0
wheel==0.42.0
wipac-dev-tools==1.8.2
wipac-rest-tools==1.6.0
wipac-telemetry==0.3.0
wrapt==1.16.0
zipp==3.17.0
########################################################################
#  pipdeptree
########################################################################
cryptography==42.0.2
└── cffi [required: >=1.12, installed: 1.16.0]
    └── pycparser [required: Any, installed: 2.21]
pip==23.2.1
pipdeptree==2.13.2
setuptools==69.0.3
wheel==0.42.0
wipac-telemetry==0.3.0
├── coloredlogs [required: Any, installed: 15.0.1]
│   └── humanfriendly [required: >=9.1, installed: 10.0]
├── opentelemetry-api [required: Any, installed: 1.22.0]
│   ├── Deprecated [required: >=1.2.6, installed: 1.2.14]
│   │   └── wrapt [required: >=1.10,<2, installed: 1.16.0]
│   └── importlib-metadata [required: >=6.0,<7.0, installed: 6.11.0]
│       └── zipp [required: >=0.5, installed: 3.17.0]
├── opentelemetry-exporter-jaeger [required: Any, installed: 1.21.0]
│   ├── opentelemetry-exporter-jaeger-proto-grpc [required: ==1.21.0, installed: 1.21.0]
│   │   ├── googleapis-common-protos [required: ~=1.52,<1.60.0, installed: 1.59.1]
│   │   │   └── protobuf [required: >=3.19.5,<5.0.0.dev0,!=4.21.5,!=4.21.4,!=4.21.3,!=4.21.2,!=4.21.1,!=3.20.1,!=3.20.0, installed: 4.25.2]
│   │   ├── grpcio [required: >=1.0.0,<2.0.0, installed: 1.60.0]
│   │   ├── opentelemetry-api [required: ~=1.3, installed: 1.22.0]
│   │   │   ├── Deprecated [required: >=1.2.6, installed: 1.2.14]
│   │   │   │   └── wrapt [required: >=1.10,<2, installed: 1.16.0]
│   │   │   └── importlib-metadata [required: >=6.0,<7.0, installed: 6.11.0]
│   │   │       └── zipp [required: >=0.5, installed: 3.17.0]
│   │   └── opentelemetry-sdk [required: ~=1.11, installed: 1.22.0]
│   │       ├── opentelemetry-api [required: ==1.22.0, installed: 1.22.0]
│   │       │   ├── Deprecated [required: >=1.2.6, installed: 1.2.14]
│   │       │   │   └── wrapt [required: >=1.10,<2, installed: 1.16.0]
│   │       │   └── importlib-metadata [required: >=6.0,<7.0, installed: 6.11.0]
│   │       │       └── zipp [required: >=0.5, installed: 3.17.0]
│   │       ├── opentelemetry-semantic-conventions [required: ==0.43b0, installed: 0.43b0]
│   │       └── typing-extensions [required: >=3.7.4, installed: 4.9.0]
│   └── opentelemetry-exporter-jaeger-thrift [required: ==1.21.0, installed: 1.21.0]
│       ├── opentelemetry-api [required: ~=1.3, installed: 1.22.0]
│       │   ├── Deprecated [required: >=1.2.6, installed: 1.2.14]
│       │   │   └── wrapt [required: >=1.10,<2, installed: 1.16.0]
│       │   └── importlib-metadata [required: >=6.0,<7.0, installed: 6.11.0]
│       │       └── zipp [required: >=0.5, installed: 3.17.0]
│       ├── opentelemetry-sdk [required: ~=1.11, installed: 1.22.0]
│       │   ├── opentelemetry-api [required: ==1.22.0, installed: 1.22.0]
│       │   │   ├── Deprecated [required: >=1.2.6, installed: 1.2.14]
│       │   │   │   └── wrapt [required: >=1.10,<2, installed: 1.16.0]
│       │   │   └── importlib-metadata [required: >=6.0,<7.0, installed: 6.11.0]
│       │   │       └── zipp [required: >=0.5, installed: 3.17.0]
│       │   ├── opentelemetry-semantic-conventions [required: ==0.43b0, installed: 0.43b0]
│       │   └── typing-extensions [required: >=3.7.4, installed: 4.9.0]
│       └── thrift [required: >=0.10.0, installed: 0.16.0]
│           └── six [required: >=1.7.2, installed: 1.16.0]
├── opentelemetry-exporter-otlp-proto-http [required: Any, installed: 1.22.0]
│   ├── backoff [required: >=1.10.0,<3.0.0, installed: 2.2.1]
│   ├── Deprecated [required: >=1.2.6, installed: 1.2.14]
│   │   └── wrapt [required: >=1.10,<2, installed: 1.16.0]
│   ├── googleapis-common-protos [required: ~=1.52, installed: 1.59.1]
│   │   └── protobuf [required: >=3.19.5,<5.0.0.dev0,!=4.21.5,!=4.21.4,!=4.21.3,!=4.21.2,!=4.21.1,!=3.20.1,!=3.20.0, installed: 4.25.2]
│   ├── opentelemetry-api [required: ~=1.15, installed: 1.22.0]
│   │   ├── Deprecated [required: >=1.2.6, installed: 1.2.14]
│   │   │   └── wrapt [required: >=1.10,<2, installed: 1.16.0]
│   │   └── importlib-metadata [required: >=6.0,<7.0, installed: 6.11.0]
│   │       └── zipp [required: >=0.5, installed: 3.17.0]
│   ├── opentelemetry-exporter-otlp-proto-common [required: ==1.22.0, installed: 1.22.0]
│   │   ├── backoff [required: >=1.10.0,<3.0.0, installed: 2.2.1]
│   │   └── opentelemetry-proto [required: ==1.22.0, installed: 1.22.0]
│   │       └── protobuf [required: >=3.19,<5.0, installed: 4.25.2]
│   ├── opentelemetry-proto [required: ==1.22.0, installed: 1.22.0]
│   │   └── protobuf [required: >=3.19,<5.0, installed: 4.25.2]
│   ├── opentelemetry-sdk [required: ~=1.22.0, installed: 1.22.0]
│   │   ├── opentelemetry-api [required: ==1.22.0, installed: 1.22.0]
│   │   │   ├── Deprecated [required: >=1.2.6, installed: 1.2.14]
│   │   │   │   └── wrapt [required: >=1.10,<2, installed: 1.16.0]
│   │   │   └── importlib-metadata [required: >=6.0,<7.0, installed: 6.11.0]
│   │   │       └── zipp [required: >=0.5, installed: 3.17.0]
│   │   ├── opentelemetry-semantic-conventions [required: ==0.43b0, installed: 0.43b0]
│   │   └── typing-extensions [required: >=3.7.4, installed: 4.9.0]
│   └── requests [required: ~=2.7, installed: 2.31.0]
│       ├── certifi [required: >=2017.4.17, installed: 2023.11.17]
│       ├── charset-normalizer [required: >=2,<4, installed: 3.3.2]
│       ├── idna [required: >=2.5,<4, installed: 3.6]
│       └── urllib3 [required: >=1.21.1,<3, installed: 2.2.0]
├── opentelemetry-sdk [required: Any, installed: 1.22.0]
│   ├── opentelemetry-api [required: ==1.22.0, installed: 1.22.0]
│   │   ├── Deprecated [required: >=1.2.6, installed: 1.2.14]
│   │   │   └── wrapt [required: >=1.10,<2, installed: 1.16.0]
│   │   └── importlib-metadata [required: >=6.0,<7.0, installed: 6.11.0]
│   │       └── zipp [required: >=0.5, installed: 3.17.0]
│   ├── opentelemetry-semantic-conventions [required: ==0.43b0, installed: 0.43b0]
│   └── typing-extensions [required: >=3.7.4, installed: 4.9.0]
├── protobuf [required: Any, installed: 4.25.2]
├── typing-extensions [required: Any, installed: 4.9.0]
└── wipac-dev-tools [required: Any, installed: 1.8.2]
    ├── requests [required: Any, installed: 2.31.0]
    │   ├── certifi [required: >=2017.4.17, installed: 2023.11.17]
    │   ├── charset-normalizer [required: >=2,<4, installed: 3.3.2]
    │   ├── idna [required: >=2.5,<4, installed: 3.6]
    │   └── urllib3 [required: >=1.21.1,<3, installed: 2.2.0]
    └── typing-extensions [required: Any, installed: 4.9.0]
wms
├── wipac-dev-tools [required: Any, installed: 1.8.2]
│   ├── requests [required: Any, installed: 2.31.0]
│   │   ├── certifi [required: >=2017.4.17, installed: 2023.11.17]
│   │   ├── charset-normalizer [required: >=2,<4, installed: 3.3.2]
│   │   ├── idna [required: >=2.5,<4, installed: 3.6]
│   │   └── urllib3 [required: >=1.21.1,<3, installed: 2.2.0]
│   └── typing-extensions [required: Any, installed: 4.9.0]
└── wipac-rest-tools [required: Any, installed: 1.6.0]
    ├── cachetools [required: Any, installed: 5.3.2]
    ├── PyJWT [required: !=2.6.0, installed: 2.8.0]
    ├── qrcode [required: Any, installed: 7.4.2]
    │   ├── pypng [required: Any, installed: 0.20220715.0]
    │   └── typing-extensions [required: Any, installed: 4.9.0]
    ├── requests [required: Any, installed: 2.31.0]
    │   ├── certifi [required: >=2017.4.17, installed: 2023.11.17]
    │   ├── charset-normalizer [required: >=2,<4, installed: 3.3.2]
    │   ├── idna [required: >=2.5,<4, installed: 3.6]
    │   └── urllib3 [required: >=1.21.1,<3, installed: 2.2.0]
    ├── requests-futures [required: Any, installed: 1.0.1]
    │   └── requests [required: >=1.2.0, installed: 2.31.0]
    │       ├── certifi [required: >=2017.4.17, installed: 2023.11.17]
    │       ├── charset-normalizer [required: >=2,<4, installed: 3.3.2]
    │       ├── idna [required: >=2.5,<4, installed: 3.6]
    │       └── urllib3 [required: >=1.21.1,<3, installed: 2.2.0]
    ├── tornado [required: Any, installed: 6.4]
    ├── urllib3 [required: >=2.0.4, installed: 2.2.0]
    └── wipac-dev-tools [required: Any, installed: 1.8.2]
        ├── requests [required: Any, installed: 2.31.0]
        │   ├── certifi [required: >=2017.4.17, installed: 2023.11.17]
        │   ├── charset-normalizer [required: >=2,<4, installed: 3.3.2]
        │   ├── idna [required: >=2.5,<4, installed: 3.6]
        │   └── urllib3 [required: >=1.21.1,<3, installed: 2.2.0]
        └── typing-extensions [required: Any, installed: 4.9.0]
